<?xml version="1.0" encoding="UTF-8"?>
<!-- Generated by org.testng.reporters.JUnitReportReporter -->
<testsuite hostname="SHIVA-FCS1SVCT" failures="0" tests="1" name="testNG_Example.TestNG_" time="0.009" errors="0" timestamp="2024-06-13T00:15:31 IST" skipped="0">
  <testcase classname="testNG_Example.TestNG_" name="shiva" time="0.009"/>
  <system-out/>
</testsuite> <!-- testNG_Example.TestNG_ -->
